<?xml version="1.0" encoding="UTF-8"?>
<testsuite name="com.devpt.collapsar.controller.RbacControllerTest" tests="1" skipped="0" failures="1" errors="0" timestamp="2016-06-08T03:44:44" hostname="掌众" time="10.951">
  <properties/>
  <testcase name="testQueryUsersByPage" classname="com.devpt.collapsar.controller.RbacControllerTest" time="10.951">
    <failure message="org.springframework.web.client.ResourceAccessException: I/O error on POST request for &quot;http://localhost:8080/collapsar/rbac/queryUsersByPage&quot;:Read timed out; nested exception is java.net.SocketTimeoutException: Read timed out" type="org.springframework.web.client.ResourceAccessException">org.springframework.web.client.ResourceAccessException: I/O error on POST request for &quot;http://localhost:8080/collapsar/rbac/queryUsersByPage&quot;:Read timed out; nested exception is java.net.SocketTimeoutException: Read timed out
	at org.springframework.web.client.RestTemplate.doExecute(RestTemplate.java:607)
	at org.springframework.web.client.RestTemplate.execute(RestTemplate.java:557)
	at org.springframework.web.client.RestTemplate.postForObject(RestTemplate.java:357)
	at com.devpt.collapsar.service.common.VendorHttpClientService.post(VendorHttpClientService.java:103)
	at com.devpt.collapsar.service.common.VendorHttpClientService.post(VendorHttpClientService.java:76)
	at com.devpt.collapsar.service.common.VendorHttpClientService.post(VendorHttpClientService.java:71)
	at com.devpt.collapsar.controller.RbacControllerTest.testQueryUsersByPage(RbacControllerTest.java:44)
	at sun.reflect.NativeMethodAccessorImpl.invoke0(Native Method)
	at sun.reflect.NativeMethodAccessorImpl.invoke(NativeMethodAccessorImpl.java:62)
	at sun.reflect.DelegatingMethodAccessorImpl.invoke(DelegatingMethodAccessorImpl.java:43)
	at java.lang.reflect.Method.invoke(Method.java:497)
	at org.junit.runners.model.FrameworkMethod$1.runReflectiveCall(FrameworkMethod.java:50)
	at org.junit.internal.runners.model.ReflectiveCallable.run(ReflectiveCallable.java:12)
	at org.junit.runners.model.FrameworkMethod.invokeExplosively(FrameworkMethod.java:47)
	at org.junit.internal.runners.statements.InvokeMethod.evaluate(InvokeMethod.java:17)
	at org.junit.internal.runners.statements.RunBefores.evaluate(RunBefores.java:26)
	at org.junit.internal.runners.statements.RunAfters.evaluate(RunAfters.java:27)
	at org.junit.runners.ParentRunner.runLeaf(ParentRunner.java:325)
	at org.junit.runners.BlockJUnit4ClassRunner.runChild(BlockJUnit4ClassRunner.java:78)
	at org.junit.runners.BlockJUnit4ClassRunner.runChild(BlockJUnit4ClassRunner.java:57)
	at org.junit.runners.ParentRunner$3.run(ParentRunner.java:290)
	at org.junit.runners.ParentRunner$1.schedule(ParentRunner.java:71)
	at org.junit.runners.ParentRunner.runChildren(ParentRunner.java:288)
	at org.junit.runners.ParentRunner.access$000(ParentRunner.java:58)
	at org.junit.runners.ParentRunner$2.evaluate(ParentRunner.java:268)
	at org.junit.runners.ParentRunner.run(ParentRunner.java:363)
	at org.gradle.api.internal.tasks.testing.junit.JUnitTestClassExecuter.runTestClass(JUnitTestClassExecuter.java:86)
	at org.gradle.api.internal.tasks.testing.junit.JUnitTestClassExecuter.execute(JUnitTestClassExecuter.java:49)
	at org.gradle.api.internal.tasks.testing.junit.JUnitTestClassProcessor.processTestClass(JUnitTestClassProcessor.java:64)
	at org.gradle.api.internal.tasks.testing.SuiteTestClassProcessor.processTestClass(SuiteTestClassProcessor.java:50)
	at sun.reflect.NativeMethodAccessorImpl.invoke0(Native Method)
	at sun.reflect.NativeMethodAccessorImpl.invoke(NativeMethodAccessorImpl.java:62)
	at sun.reflect.DelegatingMethodAccessorImpl.invoke(DelegatingMethodAccessorImpl.java:43)
	at java.lang.reflect.Method.invoke(Method.java:497)
	at org.gradle.messaging.dispatch.ReflectionDispatch.dispatch(ReflectionDispatch.java:35)
	at org.gradle.messaging.dispatch.ReflectionDispatch.dispatch(ReflectionDispatch.java:24)
	at org.gradle.messaging.dispatch.ContextClassLoaderDispatch.dispatch(ContextClassLoaderDispatch.java:32)
	at org.gradle.messaging.dispatch.ProxyDispatchAdapter$DispatchingInvocationHandler.invoke(ProxyDispatchAdapter.java:93)
	at com.sun.proxy.$Proxy2.processTestClass(Unknown Source)
	at org.gradle.api.internal.tasks.testing.worker.TestWorker.processTestClass(TestWorker.java:106)
	at sun.reflect.NativeMethodAccessorImpl.invoke0(Native Method)
	at sun.reflect.NativeMethodAccessorImpl.invoke(NativeMethodAccessorImpl.java:62)
	at sun.reflect.DelegatingMethodAccessorImpl.invoke(DelegatingMethodAccessorImpl.java:43)
	at java.lang.reflect.Method.invoke(Method.java:497)
	at org.gradle.messaging.dispatch.ReflectionDispatch.dispatch(ReflectionDispatch.java:35)
	at org.gradle.messaging.dispatch.ReflectionDispatch.dispatch(ReflectionDispatch.java:24)
	at org.gradle.messaging.remote.internal.hub.MessageHub$Handler.run(MessageHub.java:360)
	at org.gradle.internal.concurrent.ExecutorPolicy$CatchAndRecordFailures.onExecute(ExecutorPolicy.java:54)
	at org.gradle.internal.concurrent.StoppableExecutorImpl$1.run(StoppableExecutorImpl.java:40)
	at java.util.concurrent.ThreadPoolExecutor.runWorker(ThreadPoolExecutor.java:1142)
	at java.util.concurrent.ThreadPoolExecutor$Worker.run(ThreadPoolExecutor.java:617)
	at java.lang.Thread.run(Thread.java:745)
Caused by: java.net.SocketTimeoutException: Read timed out
	at java.net.SocketInputStream.socketRead0(Native Method)
	at java.net.SocketInputStream.socketRead(SocketInputStream.java:116)
	at java.net.SocketInputStream.read(SocketInputStream.java:170)
	at java.net.SocketInputStream.read(SocketInputStream.java:141)
	at java.io.BufferedInputStream.fill(BufferedInputStream.java:246)
	at java.io.BufferedInputStream.read1(BufferedInputStream.java:286)
	at java.io.BufferedInputStream.read(BufferedInputStream.java:345)
	at sun.net.www.http.HttpClient.parseHTTPHeader(HttpClient.java:704)
	at sun.net.www.http.HttpClient.parseHTTP(HttpClient.java:647)
	at sun.net.www.protocol.http.HttpURLConnection.getInputStream0(HttpURLConnection.java:1535)
	at sun.net.www.protocol.http.HttpURLConnection.getInputStream(HttpURLConnection.java:1440)
	at java.net.HttpURLConnection.getResponseCode(HttpURLConnection.java:480)
	at org.springframework.http.client.SimpleClientHttpResponse.getRawStatusCode(SimpleClientHttpResponse.java:48)
	at org.springframework.http.client.AbstractClientHttpResponse.getStatusCode(AbstractClientHttpResponse.java:33)
	at org.springframework.web.client.DefaultResponseErrorHandler.getHttpStatusCode(DefaultResponseErrorHandler.java:56)
	at org.springframework.web.client.DefaultResponseErrorHandler.hasError(DefaultResponseErrorHandler.java:50)
	at org.springframework.web.client.RestTemplate.handleResponse(RestTemplate.java:629)
	at org.springframework.web.client.RestTemplate.doExecute(RestTemplate.java:597)
	... 51 more
</failure>
  </testcase>
  <system-out><![CDATA[2016-06-08 11:44:44,172 [Test worker] DEBUG c.d.c.controller.RbacControllerTest 22 - begin -->
2016-06-08 11:44:44,189 [Test worker] DEBUG c.d.c.s.c.VendorHttpClientService 51 - connectParams connection: VendorConnectParams{accessKey='FSDFGFDGFDHFFDFDFDF', secretKey='gfdgfdgfdgfdfffdser', urlBase='http://localhost:8080'}
2016-06-08 11:44:44,744 [Test worker] DEBUG c.d.c.s.c.VendorHttpClientService 80 - vendor post: apiUrl=/collapsar/rbac/queryUsersByPage?u=1&t=2&c=3,body=QueryUsersByPageReq{pageIndex=1, pageSize=10},clazz=class com.devpt.collapsar.model.common.GenericResponse,method=POST,expireTime=1465358084
2016-06-08 11:44:44,856 [Test worker] DEBUG com.devpt.collapsar.util.TokenHelper 106 - signature contents: |V1-FSDFGFDGFDHFFDFDFDF-1465358084|gfdgfdgfdgfdfffdser|/collapsar/rbac/queryUsersByPage|POST|c=3&t=2&u=1|{"pageIndex":1,"pageSize":10}|
2016-06-08 11:44:44,873 [Test worker] DEBUG c.d.c.s.c.VendorHttpClientService 100 - vendor post url = http://localhost:8080/collapsar/rbac/queryUsersByPage
2016-06-08 11:44:55,097 [Test worker] DEBUG c.d.c.controller.RbacControllerTest 28 - end <--use time=10916 ms
]]></system-out>
  <system-err><![CDATA[]]></system-err>
</testsuite>
