<?xml version="1.0" encoding="UTF-8"?>
<testsuite name="com.devpt.collapsar.controller.RbacControllerTest" tests="1" skipped="0" failures="0" errors="0" timestamp="2016-05-25T11:37:36" hostname="掌众" time="1.176">
  <properties/>
  <testcase name="testQueryUsersByPage" classname="com.devpt.collapsar.controller.RbacControllerTest" time="1.176"/>
  <system-out><![CDATA[19:37:36.277 [Test worker] DEBUG c.d.c.controller.RbacControllerTest - begin -->
19:37:36.293 [Test worker] DEBUG c.d.c.s.c.VendorHttpClientService - connectParams connection: VendorConnectParams{accessKey='FSDFGFDGFDHFFDFDFDF', secretKey='gfdgfdgfdgfdfffdser', urlBase='http://localhost:8080'}
19:37:36.883 [Test worker] DEBUG c.d.c.s.c.VendorHttpClientService - vendor post: apiUrl=/collapsar/rbac/queryUsersByPage,body=QueryUsersByPageReq{pageIndex=1, pageSize=10},clazz=class com.devpt.collapsar.model.common.GenericResponse,method=POST,expireTime=1464176856
19:37:37.030 [Test worker] DEBUG com.devpt.collapsar.util.TokenHelper - signature contents: |V1-FSDFGFDGFDHFFDFDFDF-1464176856|gfdgfdgfdgfdfffdser|/collapsar/rbac/queryUsersByPage|POST||{"pageIndex":1,"pageSize":10}|
19:37:37.038 [Test worker] DEBUG c.d.c.s.c.VendorHttpClientService - vendor post url = http://localhost:8080/collapsar/rbac/queryUsersByPage
19:37:37.101 [Test worker] DEBUG o.s.web.client.RestTemplate - Created POST request for "http://localhost:8080/collapsar/rbac/queryUsersByPage"
19:37:37.232 [Test worker] DEBUG o.s.web.client.RestTemplate - Setting request Accept header to [application/json, application/*+json]
19:37:37.233 [Test worker] DEBUG o.s.web.client.RestTemplate - Writing [{"pageIndex":1,"pageSize":10}] as "application/json;charset=utf-8" using [org.springframework.http.converter.StringHttpMessageConverter@63c7f7b6]
19:37:37.380 [Test worker] DEBUG o.s.web.client.RestTemplate - POST request for "http://localhost:8080/collapsar/rbac/queryUsersByPage" resulted in 200 (OK)
19:37:37.381 [Test worker] DEBUG o.s.web.client.RestTemplate - Reading [class com.devpt.collapsar.model.common.GenericResponse] as "application/json;charset=utf-8" using [org.springframework.http.converter.json.MappingJackson2HttpMessageConverter@4ce5d964]
19:37:37.439 [Test worker] INFO  c.d.c.controller.RbacControllerTest - testQueryUsersByPage: resp=GenericResponse{status=0, message='成功', content={total=7, rows=[{id=1, gid=fsf, createTime=1463471288, updateTime=1463471288, isValid=1, remark=null, userName=aaaa, loginPasswd=aaaaaaa}, {id=2, gid=fdsf, createTime=1463471288, updateTime=1463471288, isValid=1, remark=null, userName=bbbb, loginPasswd=bbbb}, {id=4, gid=fdsfds, createTime=1463471288, updateTime=1463471288, isValid=1, remark=null, userName=dddd, loginPasswd=dddd}, {id=5, gid=fdgfgd, createTime=1463471288, updateTime=1463471288, isValid=1, remark=null, userName=eee, loginPasswd=eee}, {id=6, gid=ffff, createTime=1463471288, updateTime=1463471288, isValid=1, remark=null, userName=ffff, loginPasswd=ffff}, {id=7, gid=gggg, createTime=1463471288, updateTime=1463471288, isValid=1, remark=null, userName=gggg, loginPasswd=gggg}, {id=8, gid=hhhh, createTime=1463471288, updateTime=1463471288, isValid=1, remark=null, userName=hhhh, loginPasswd=hhhhh}]}}, systim=1464176257439
19:37:37.441 [Test worker] DEBUG c.d.c.controller.RbacControllerTest - end <--use time=1155 ms
]]></system-out>
  <system-err><![CDATA[]]></system-err>
</testsuite>
